<?xml version="1.0" encoding="UTF-8"?>
<testng-results ignored="0" total="1" passed="1" failed="0" skipped="0">
  <reporter-output>
  </reporter-output>
  <suite started-at="2024-02-19T13:38:11 IST" name="Suite" finished-at="2024-02-19T13:38:31 IST" duration-ms="20884">
    <groups>
    </groups>
    <test started-at="2024-02-19T13:38:11 IST" name="Test" finished-at="2024-02-19T13:38:31 IST" duration-ms="20884">
      <class name="com.obs.tests.VerifyDepositAmount">
        <test-method is-config="true" signature="initialyeReport()[pri:0, instance:com.obs.tests.VerifyDepositAmount@815b41f]" started-at="2024-02-19T13:38:10 IST" name="initialyeReport" finished-at="2024-02-19T13:38:11 IST" duration-ms="153" status="PASS">
          <reporter-output>
          </reporter-output>
        </test-method> <!-- initialyeReport -->
        <test-method is-config="true" signature="launch(java.lang.String,java.lang.reflect.Method)[pri:0, instance:com.obs.tests.VerifyDepositAmount@815b41f]" started-at="2024-02-19T13:38:11 IST" name="launch" finished-at="2024-02-19T13:38:13 IST" duration-ms="1980" status="PASS">
          <params>
            <param index="0">
              <value>
                <![CDATA[Chrome]]>
              </value>
            </param>
            <param index="1">
              <value>
                <![CDATA[public void com.obs.tests.VerifyDepositAmount.verifyDepositAmount() throws java.io.IOException,java.lang.InterruptedException]]>
              </value>
            </param>
          </params>
          <reporter-output>
          </reporter-output>
        </test-method> <!-- launch -->
        <test-method signature="verifyDepositAmount()[pri:0, instance:com.obs.tests.VerifyDepositAmount@815b41f]" started-at="2024-02-19T13:38:13 IST" name="verifyDepositAmount" finished-at="2024-02-19T13:38:31 IST" duration-ms="18557" status="PASS">
          <reporter-output>
          </reporter-output>
        </test-method> <!-- verifyDepositAmount -->
        <test-method is-config="true" signature="closeBrowser(org.testng.ITestResult)[pri:0, instance:com.obs.tests.VerifyDepositAmount@815b41f]" started-at="2024-02-19T13:38:31 IST" name="closeBrowser" finished-at="2024-02-19T13:38:31 IST" duration-ms="295" status="PASS">
          <params>
            <param index="0">
              <value>
                <![CDATA[[TestResult name=verifyDepositAmount status=SUCCESS method=VerifyDepositAmount.verifyDepositAmount()[pri:0, instance:com.obs.tests.VerifyDepositAmount@815b41f] output={null}]]]>
              </value>
            </param>
          </params>
          <reporter-output>
          </reporter-output>
        </test-method> <!-- closeBrowser -->
        <test-method is-config="true" signature="cleanup()[pri:0, instance:com.obs.tests.VerifyDepositAmount@815b41f]" started-at="2024-02-19T13:38:31 IST" name="cleanup" finished-at="2024-02-19T13:38:32 IST" duration-ms="397" status="PASS">
          <reporter-output>
          </reporter-output>
        </test-method> <!-- cleanup -->
      </class> <!-- com.obs.tests.VerifyDepositAmount -->
    </test> <!-- Test -->
  </suite> <!-- Suite -->
</testng-results>
